app/build/intermediates/manifest_merge_blame_file/release/processReleaseMainManifest/manifest-merger-blame-release-report.txt
1<?xml version="1.0" encoding="utf-8"?>
2<manifest xmlns:android="http://schemas.android.com/apk/res/android"
3    package="com.rpn.blockblaster"
4    android:versionCode="2"
5    android:versionName="1.0.2" >
6
7    <uses-sdk
8        android:minSdkVersion="26"
9        android:targetSdkVersion="36" />
10
11    <uses-permission android:name="android.permission.VIBRATE" />
11-->src\main\AndroidManifest.xml:4:5-66
11-->src\main\AndroidManifest.xml:4:22-63
12    <uses-permission android:name="android.permission.INTERNET" />
12-->src\main\AndroidManifest.xml:5:5-67
12-->src\main\AndroidManifest.xml:5:22-64
13    <uses-permission android:name="com.google.android.gms.permission.AD_ID" />
13-->src\main\AndroidManifest.xml:6:5-78
13-->src\main\AndroidManifest.xml:6:22-76
14    <uses-permission android:name="android.permission.ACCESS_NETWORK_STATE" />
14-->[com.google.android.gms:play-services-ads-api:25.1.0] AndroidManifest.xml:25:5-79
14-->[com.google.android.gms:play-services-ads-api:25.1.0] AndroidManifest.xml:25:22-76
15    <uses-permission android:name="android.permission.ACCESS_ADSERVICES_AD_ID" />
15-->[com.google.android.gms:play-services-ads-api:25.1.0] AndroidManifest.xml:27:5-82
15-->[com.google.android.gms:play-services-ads-api:25.1.0] AndroidManifest.xml:27:22-79
16    <uses-permission android:name="android.permission.ACCESS_ADSERVICES_ATTRIBUTION" />
16-->[com.google.android.gms:play-services-ads-api:25.1.0] AndroidManifest.xml:28:5-88
16-->[com.google.android.gms:play-services-ads-api:25.1.0] AndroidManifest.xml:28:22-85
17    <uses-permission android:name="android.permission.ACCESS_ADSERVICES_TOPICS" /> <!-- Android package visibility setting -->
17-->[com.google.android.gms:play-services-ads-api:25.1.0] AndroidManifest.xml:29:5-83
17-->[com.google.android.gms:play-services-ads-api:25.1.0] AndroidManifest.xml:29:22-80
18    <queries>
18-->[com.google.android.gms:play-services-ads-api:25.1.0] AndroidManifest.xml:35:5-68:15
19
20        <!-- For browser content -->
21        <intent>
21-->[com.google.android.gms:play-services-ads-api:25.1.0] AndroidManifest.xml:38:9-44:18
22            <action android:name="android.intent.action.VIEW" />
22-->[com.google.android.gms:play-services-ads-api:25.1.0] AndroidManifest.xml:39:13-65
22-->[com.google.android.gms:play-services-ads-api:25.1.0] AndroidManifest.xml:39:21-62
23
24            <category android:name="android.intent.category.BROWSABLE" />
24-->[com.google.android.gms:play-services-ads-api:25.1.0] AndroidManifest.xml:41:13-74
24-->[com.google.android.gms:play-services-ads-api:25.1.0] AndroidManifest.xml:41:23-71
25
26            <data android:scheme="https" />
26-->[com.google.android.gms:play-services-ads-api:25.1.0] AndroidManifest.xml:43:13-44
26-->[com.google.android.gms:play-services-ads-api:25.1.0] AndroidManifest.xml:43:19-41
27        </intent>
28        <!-- End of browser content -->
29        <!-- For CustomTabsService -->
30        <intent>
30-->[com.google.android.gms:play-services-ads-api:25.1.0] AndroidManifest.xml:47:9-49:18
31            <action android:name="android.support.customtabs.action.CustomTabsService" />
31-->[com.google.android.gms:play-services-ads-api:25.1.0] AndroidManifest.xml:48:13-90
31-->[com.google.android.gms:play-services-ads-api:25.1.0] AndroidManifest.xml:48:21-87
32        </intent>
33        <!-- End of CustomTabsService -->
34        <!-- For MRAID capabilities -->
35        <intent>
35-->[com.google.android.gms:play-services-ads-api:25.1.0] AndroidManifest.xml:52:9-56:18
36            <action android:name="android.intent.action.INSERT" />
36-->[com.google.android.gms:play-services-ads-api:25.1.0] AndroidManifest.xml:53:13-67
36-->[com.google.android.gms:play-services-ads-api:25.1.0] AndroidManifest.xml:53:21-64
37
38            <data android:mimeType="vnd.android.cursor.dir/event" />
38-->[com.google.android.gms:play-services-ads-api:25.1.0] AndroidManifest.xml:43:13-44
39        </intent>
40        <intent>
40-->[com.google.android.gms:play-services-ads-api:25.1.0] AndroidManifest.xml:57:9-61:18
41            <action android:name="android.intent.action.VIEW" />
41-->[com.google.android.gms:play-services-ads-api:25.1.0] AndroidManifest.xml:39:13-65
41-->[com.google.android.gms:play-services-ads-api:25.1.0] AndroidManifest.xml:39:21-62
42
43            <data android:scheme="sms" />
43-->[com.google.android.gms:play-services-ads-api:25.1.0] AndroidManifest.xml:43:13-44
43-->[com.google.android.gms:play-services-ads-api:25.1.0] AndroidManifest.xml:43:19-41
44        </intent>
45        <intent>
45-->[com.google.android.gms:play-services-ads-api:25.1.0] AndroidManifest.xml:62:9-66:18
46            <action android:name="android.intent.action.DIAL" />
46-->[com.google.android.gms:play-services-ads-api:25.1.0] AndroidManifest.xml:63:13-65
46-->[com.google.android.gms:play-services-ads-api:25.1.0] AndroidManifest.xml:63:21-62
47
48            <data android:path="tel:" />
48-->[com.google.android.gms:play-services-ads-api:25.1.0] AndroidManifest.xml:43:13-44
49        </intent>
50        <!-- End of MRAID capabilities -->
51    </queries>
52
53    <uses-permission android:name="android.permission.WAKE_LOCK" />
53-->[com.google.android.gms:play-services-measurement:23.2.0] AndroidManifest.xml:25:5-68
53-->[com.google.android.gms:play-services-measurement:23.2.0] AndroidManifest.xml:25:22-65
54    <uses-permission android:name="com.google.android.finsky.permission.BIND_GET_INSTALL_REFERRER_SERVICE" />
54-->[com.google.android.gms:play-services-measurement:23.2.0] AndroidManifest.xml:26:5-110
54-->[com.google.android.gms:play-services-measurement:23.2.0] AndroidManifest.xml:26:22-107
55    <uses-permission android:name="android.permission.FOREGROUND_SERVICE" />
55-->[androidx.work:work-runtime:2.11.1] AndroidManifest.xml:26:5-77
55-->[androidx.work:work-runtime:2.11.1] AndroidManifest.xml:26:22-74
56
57    <permission
57-->[androidx.core:core:1.18.0] AndroidManifest.xml:22:5-24:47
58        android:name="com.rpn.blockblaster.DYNAMIC_RECEIVER_NOT_EXPORTED_PERMISSION"
58-->[androidx.core:core:1.18.0] AndroidManifest.xml:23:9-81
59        android:protectionLevel="signature" />
59-->[androidx.core:core:1.18.0] AndroidManifest.xml:24:9-44
60
61    <uses-permission android:name="com.rpn.blockblaster.DYNAMIC_RECEIVER_NOT_EXPORTED_PERMISSION" />
61-->[androidx.core:core:1.18.0] AndroidManifest.xml:26:5-97
61-->[androidx.core:core:1.18.0] AndroidManifest.xml:26:22-94
62
63    <application
63-->src\main\AndroidManifest.xml:7:5-31:19
64        android:name="com.rpn.blockblaster.BlockBlasterApp"
64-->src\main\AndroidManifest.xml:8:9-40
65        android:allowBackup="true"
65-->src\main\AndroidManifest.xml:9:9-35
66        android:appComponentFactory="androidx.core.app.CoreComponentFactory"
66-->[androidx.core:core:1.18.0] AndroidManifest.xml:28:18-86
67        android:dataExtractionRules="@xml/data_extraction_rules"
67-->src\main\AndroidManifest.xml:10:9-65
68        android:extractNativeLibs="false"
69        android:fullBackupContent="@xml/backup_rules"
69-->src\main\AndroidManifest.xml:11:9-54
70        android:hardwareAccelerated="true"
70-->src\main\AndroidManifest.xml:16:9-43
71        android:icon="@mipmap/ic_launcher"
71-->src\main\AndroidManifest.xml:12:9-43
72        android:label="@string/app_name"
72-->src\main\AndroidManifest.xml:14:9-41
73        android:roundIcon="@mipmap/ic_launcher_round"
73-->src\main\AndroidManifest.xml:13:9-54
74        android:theme="@style/Theme.BlockBlaster.Splash" >
74-->src\main\AndroidManifest.xml:15:9-57
75        <meta-data
76            android:name="com.google.android.gms.ads.APPLICATION_ID"
76-->src\main\AndroidManifest.xml:19:13-69
77            android:value="ca-app-pub-6797594674942943~2429784105" />
77-->src\main\AndroidManifest.xml:20:13-42
78
79        <activity
79-->src\main\AndroidManifest.xml:22:9-30:20
80            android:name="com.rpn.blockblaster.MainActivity"
80-->src\main\AndroidManifest.xml:23:13-41
81            android:exported="true"
81-->src\main\AndroidManifest.xml:24:13-36
82            android:windowSoftInputMode="adjustNothing" >
82-->src\main\AndroidManifest.xml:25:13-56
83            <intent-filter>
83-->src\main\AndroidManifest.xml:26:13-29:29
84                <action android:name="android.intent.action.MAIN" />
84-->src\main\AndroidManifest.xml:27:17-69
84-->src\main\AndroidManifest.xml:27:25-66
85
86                <category android:name="android.intent.category.LAUNCHER" />
86-->src\main\AndroidManifest.xml:28:17-77
86-->src\main\AndroidManifest.xml:28:27-74
87            </intent-filter>
88        </activity>
89        <!-- Include the AdActivity and InAppPurchaseActivity configChanges and themes. -->
90        <activity
90-->[com.google.android.gms:play-services-ads-api:25.1.0] AndroidManifest.xml:73:9-79:43
91            android:name="com.google.android.gms.ads.AdActivity"
91-->[com.google.android.gms:play-services-ads-api:25.1.0] AndroidManifest.xml:74:13-65
92            android:configChanges="keyboard|keyboardHidden|orientation|screenLayout|uiMode|screenSize|smallestScreenSize"
92-->[com.google.android.gms:play-services-ads-api:25.1.0] AndroidManifest.xml:75:13-122
93            android:enableOnBackInvokedCallback="false"
93-->[com.google.android.gms:play-services-ads-api:25.1.0] AndroidManifest.xml:76:13-56
94            android:exported="false"
94-->[com.google.android.gms:play-services-ads-api:25.1.0] AndroidManifest.xml:77:13-37
95            android:theme="@android:style/Theme.Translucent" />
95-->[com.google.android.gms:play-services-ads-api:25.1.0] AndroidManifest.xml:78:13-61
96
97        <provider
97-->[com.google.android.gms:play-services-ads-api:25.1.0] AndroidManifest.xml:81:9-86:43
98            android:name="com.google.android.gms.ads.MobileAdsInitProvider"
98-->[com.google.android.gms:play-services-ads-api:25.1.0] AndroidManifest.xml:82:13-76
99            android:authorities="com.rpn.blockblaster.mobileadsinitprovider"
99-->[com.google.android.gms:play-services-ads-api:25.1.0] AndroidManifest.xml:83:13-73
100            android:exported="false"
100-->[com.google.android.gms:play-services-ads-api:25.1.0] AndroidManifest.xml:84:13-37
101            android:initOrder="100" />
101-->[com.google.android.gms:play-services-ads-api:25.1.0] AndroidManifest.xml:85:13-36
102
103        <service
103-->[com.google.android.gms:play-services-ads-api:25.1.0] AndroidManifest.xml:88:9-92:43
104            android:name="com.google.android.gms.ads.AdService"
104-->[com.google.android.gms:play-services-ads-api:25.1.0] AndroidManifest.xml:89:13-64
105            android:enabled="true"
105-->[com.google.android.gms:play-services-ads-api:25.1.0] AndroidManifest.xml:90:13-35
106            android:exported="false" />
106-->[com.google.android.gms:play-services-ads-api:25.1.0] AndroidManifest.xml:91:13-37
107
108        <activity
108-->[com.google.android.gms:play-services-ads-api:25.1.0] AndroidManifest.xml:94:9-98:43
109            android:name="com.google.android.gms.ads.OutOfContextTestingActivity"
109-->[com.google.android.gms:play-services-ads-api:25.1.0] AndroidManifest.xml:95:13-82
110            android:configChanges="keyboard|keyboardHidden|orientation|screenLayout|uiMode|screenSize|smallestScreenSize"
110-->[com.google.android.gms:play-services-ads-api:25.1.0] AndroidManifest.xml:96:13-122
111            android:exported="false" />
111-->[com.google.android.gms:play-services-ads-api:25.1.0] AndroidManifest.xml:97:13-37
112        <activity
112-->[com.google.android.gms:play-services-ads-api:25.1.0] AndroidManifest.xml:99:9-106:43
113            android:name="com.google.android.gms.ads.NotificationHandlerActivity"
113-->[com.google.android.gms:play-services-ads-api:25.1.0] AndroidManifest.xml:100:13-82
114            android:excludeFromRecents="true"
114-->[com.google.android.gms:play-services-ads-api:25.1.0] AndroidManifest.xml:101:13-46
115            android:exported="false"
115-->[com.google.android.gms:play-services-ads-api:25.1.0] AndroidManifest.xml:102:13-37
116            android:launchMode="singleTask"
116-->[com.google.android.gms:play-services-ads-api:25.1.0] AndroidManifest.xml:103:13-44
117            android:taskAffinity=""
117-->[com.google.android.gms:play-services-ads-api:25.1.0] AndroidManifest.xml:104:13-36
118            android:theme="@android:style/Theme.Translucent.NoTitleBar" />
118-->[com.google.android.gms:play-services-ads-api:25.1.0] AndroidManifest.xml:105:13-72
119
120        <meta-data
120-->[com.google.android.gms:play-services-ads-api:25.1.0] AndroidManifest.xml:108:9-110:36
121            android:name="com.google.android.gms.ads.flag.OPTIMIZE_AD_LOADING"
121-->[com.google.android.gms:play-services-ads-api:25.1.0] AndroidManifest.xml:109:13-79
122            android:value="true" />
122-->[com.google.android.gms:play-services-ads-api:25.1.0] AndroidManifest.xml:110:13-33
123        <meta-data
123-->[com.google.android.gms:play-services-ads-api:25.1.0] AndroidManifest.xml:111:9-113:36
124            android:name="com.google.android.gms.ads.flag.OPTIMIZE_INITIALIZATION"
124-->[com.google.android.gms:play-services-ads-api:25.1.0] AndroidManifest.xml:112:13-83
125            android:value="true" />
125-->[com.google.android.gms:play-services-ads-api:25.1.0] AndroidManifest.xml:113:13-33
126
127        <receiver
127-->[com.google.android.gms:play-services-measurement:23.2.0] AndroidManifest.xml:29:9-33:20
128            android:name="com.google.android.gms.measurement.AppMeasurementReceiver"
128-->[com.google.android.gms:play-services-measurement:23.2.0] AndroidManifest.xml:30:13-85
129            android:enabled="true"
129-->[com.google.android.gms:play-services-measurement:23.2.0] AndroidManifest.xml:31:13-35
130            android:exported="false" >
130-->[com.google.android.gms:play-services-measurement:23.2.0] AndroidManifest.xml:32:13-37
131        </receiver>
132
133        <service
133-->[com.google.android.gms:play-services-measurement:23.2.0] AndroidManifest.xml:35:9-38:40
134            android:name="com.google.android.gms.measurement.AppMeasurementService"
134-->[com.google.android.gms:play-services-measurement:23.2.0] AndroidManifest.xml:36:13-84
135            android:enabled="true"
135-->[com.google.android.gms:play-services-measurement:23.2.0] AndroidManifest.xml:37:13-35
136            android:exported="false" />
136-->[com.google.android.gms:play-services-measurement:23.2.0] AndroidManifest.xml:38:13-37
137        <service
137-->[com.google.android.gms:play-services-measurement:23.2.0] AndroidManifest.xml:39:9-43:72
138            android:name="com.google.android.gms.measurement.AppMeasurementJobService"
138-->[com.google.android.gms:play-services-measurement:23.2.0] AndroidManifest.xml:40:13-87
139            android:enabled="true"
139-->[com.google.android.gms:play-services-measurement:23.2.0] AndroidManifest.xml:41:13-35
140            android:exported="false"
140-->[com.google.android.gms:play-services-measurement:23.2.0] AndroidManifest.xml:42:13-37
141            android:permission="android.permission.BIND_JOB_SERVICE" />
141-->[com.google.android.gms:play-services-measurement:23.2.0] AndroidManifest.xml:43:13-69
142        <service
142-->[com.google.android.gms:play-services-measurement-api:23.2.0] AndroidManifest.xml:30:9-36:19
143            android:name="com.google.firebase.components.ComponentDiscoveryService"
143-->[com.google.android.gms:play-services-measurement-api:23.2.0] AndroidManifest.xml:31:13-84
144            android:directBootAware="true"
144-->[com.google.firebase:firebase-common:22.0.1] AndroidManifest.xml:32:13-43
145            android:exported="false" >
145-->[com.google.android.gms:play-services-measurement-api:23.2.0] AndroidManifest.xml:32:13-37
146            <meta-data
146-->[com.google.android.gms:play-services-measurement-api:23.2.0] AndroidManifest.xml:33:13-35:85
147                android:name="com.google.firebase.components:com.google.firebase.analytics.connector.internal.AnalyticsConnectorRegistrar"
147-->[com.google.android.gms:play-services-measurement-api:23.2.0] AndroidManifest.xml:34:17-139
148                android:value="com.google.firebase.components.ComponentRegistrar" />
148-->[com.google.android.gms:play-services-measurement-api:23.2.0] AndroidManifest.xml:35:17-82
149            <meta-data
149-->[com.google.firebase:firebase-installations:19.1.0] AndroidManifest.xml:15:13-17:85
150                android:name="com.google.firebase.components:com.google.firebase.installations.FirebaseInstallationsKtxRegistrar"
150-->[com.google.firebase:firebase-installations:19.1.0] AndroidManifest.xml:16:17-130
151                android:value="com.google.firebase.components.ComponentRegistrar" />
151-->[com.google.firebase:firebase-installations:19.1.0] AndroidManifest.xml:17:17-82
152            <meta-data
152-->[com.google.firebase:firebase-installations:19.1.0] AndroidManifest.xml:18:13-20:85
153                android:name="com.google.firebase.components:com.google.firebase.installations.FirebaseInstallationsRegistrar"
153-->[com.google.firebase:firebase-installations:19.1.0] AndroidManifest.xml:19:17-127
154                android:value="com.google.firebase.components.ComponentRegistrar" />
154-->[com.google.firebase:firebase-installations:19.1.0] AndroidManifest.xml:20:17-82
155            <meta-data
155-->[com.google.firebase:firebase-common:22.0.1] AndroidManifest.xml:35:13-37:85
156                android:name="com.google.firebase.components:com.google.firebase.FirebaseCommonKtxRegistrar"
156-->[com.google.firebase:firebase-common:22.0.1] AndroidManifest.xml:36:17-109
157                android:value="com.google.firebase.components.ComponentRegistrar" />
157-->[com.google.firebase:firebase-common:22.0.1] AndroidManifest.xml:37:17-82
158        </service>
159
160        <provider
160-->[com.google.firebase:firebase-common:22.0.1] AndroidManifest.xml:23:9-28:39
161            android:name="com.google.firebase.provider.FirebaseInitProvider"
161-->[com.google.firebase:firebase-common:22.0.1] AndroidManifest.xml:24:13-77
162            android:authorities="com.rpn.blockblaster.firebaseinitprovider"
162-->[com.google.firebase:firebase-common:22.0.1] AndroidManifest.xml:25:13-72
163            android:directBootAware="true"
163-->[com.google.firebase:firebase-common:22.0.1] AndroidManifest.xml:26:13-43
164            android:exported="false"
164-->[com.google.firebase:firebase-common:22.0.1] AndroidManifest.xml:27:13-37
165            android:initOrder="100" />
165-->[com.google.firebase:firebase-common:22.0.1] AndroidManifest.xml:28:13-36
166
167        <activity
167-->[com.google.android.gms:play-services-base:18.5.0] AndroidManifest.xml:5:9-173
168            android:name="com.google.android.gms.common.api.GoogleApiActivity"
168-->[com.google.android.gms:play-services-base:18.5.0] AndroidManifest.xml:5:19-85
169            android:exported="false"
169-->[com.google.android.gms:play-services-base:18.5.0] AndroidManifest.xml:5:146-170
170            android:theme="@android:style/Theme.Translucent.NoTitleBar" />
170-->[com.google.android.gms:play-services-base:18.5.0] AndroidManifest.xml:5:86-145
171
172        <provider
172-->[androidx.work:work-runtime:2.11.1] AndroidManifest.xml:29:9-37:20
173            android:name="androidx.startup.InitializationProvider"
173-->[androidx.work:work-runtime:2.11.1] AndroidManifest.xml:30:13-67
174            android:authorities="com.rpn.blockblaster.androidx-startup"
174-->[androidx.work:work-runtime:2.11.1] AndroidManifest.xml:31:13-68
175            android:exported="false" >
175-->[androidx.work:work-runtime:2.11.1] AndroidManifest.xml:32:13-37
176            <meta-data
176-->[androidx.work:work-runtime:2.11.1] AndroidManifest.xml:34:13-36:52
177                android:name="androidx.work.WorkManagerInitializer"
177-->[androidx.work:work-runtime:2.11.1] AndroidManifest.xml:35:17-68
178                android:value="androidx.startup" />
178-->[androidx.work:work-runtime:2.11.1] AndroidManifest.xml:36:17-49
179            <meta-data
179-->[androidx.emoji2:emoji2:1.4.0] AndroidManifest.xml:29:13-31:52
180                android:name="androidx.emoji2.text.EmojiCompatInitializer"
180-->[androidx.emoji2:emoji2:1.4.0] AndroidManifest.xml:30:17-75
181                android:value="androidx.startup" />
181-->[androidx.emoji2:emoji2:1.4.0] AndroidManifest.xml:31:17-49
182            <meta-data
182-->[androidx.lifecycle:lifecycle-process:2.11.0-alpha02] AndroidManifest.xml:29:13-31:52
183                android:name="androidx.lifecycle.ProcessLifecycleInitializer"
183-->[androidx.lifecycle:lifecycle-process:2.11.0-alpha02] AndroidManifest.xml:30:17-78
184                android:value="androidx.startup" />
184-->[androidx.lifecycle:lifecycle-process:2.11.0-alpha02] AndroidManifest.xml:31:17-49
185            <meta-data
185-->[androidx.profileinstaller:profileinstaller:1.4.1] AndroidManifest.xml:29:13-31:52
186                android:name="androidx.profileinstaller.ProfileInstallerInitializer"
186-->[androidx.profileinstaller:profileinstaller:1.4.1] AndroidManifest.xml:30:17-85
187                android:value="androidx.startup" />
187-->[androidx.profileinstaller:profileinstaller:1.4.1] AndroidManifest.xml:31:17-49
188            <meta-data
188-->[com.squareup.okhttp3:okhttp-android:5.3.2] AndroidManifest.xml:16:13-18:52
189                android:name="okhttp3.internal.platform.PlatformInitializer"
189-->[com.squareup.okhttp3:okhttp-android:5.3.2] AndroidManifest.xml:17:17-77
190                android:value="androidx.startup" />
190-->[com.squareup.okhttp3:okhttp-android:5.3.2] AndroidManifest.xml:18:17-49
191        </provider>
192
193        <service
193-->[androidx.work:work-runtime:2.11.1] AndroidManifest.xml:39:9-45:35
194            android:name="androidx.work.impl.background.systemjob.SystemJobService"
194-->[androidx.work:work-runtime:2.11.1] AndroidManifest.xml:40:13-84
195            android:directBootAware="false"
195-->[androidx.work:work-runtime:2.11.1] AndroidManifest.xml:41:13-44
196            android:enabled="@bool/enable_system_job_service_default"
196-->[androidx.work:work-runtime:2.11.1] AndroidManifest.xml:42:13-70
197            android:exported="true"
197-->[androidx.work:work-runtime:2.11.1] AndroidManifest.xml:43:13-36
198            android:permission="android.permission.BIND_JOB_SERVICE" />
198-->[androidx.work:work-runtime:2.11.1] AndroidManifest.xml:44:13-69
199        <service
199-->[androidx.work:work-runtime:2.11.1] AndroidManifest.xml:46:9-52:35
200            android:name="androidx.work.impl.foreground.SystemForegroundService"
200-->[androidx.work:work-runtime:2.11.1] AndroidManifest.xml:47:13-81
201            android:directBootAware="false"
201-->[androidx.work:work-runtime:2.11.1] AndroidManifest.xml:48:13-44
202            android:enabled="@bool/enable_system_foreground_service_default"
202-->[androidx.work:work-runtime:2.11.1] AndroidManifest.xml:49:13-77
203            android:exported="false" />
203-->[androidx.work:work-runtime:2.11.1] AndroidManifest.xml:50:13-37
204
205        <receiver
205-->[androidx.work:work-runtime:2.11.1] AndroidManifest.xml:54:9-59:35
206            android:name="androidx.work.impl.utils.ForceStopRunnable$BroadcastReceiver"
206-->[androidx.work:work-runtime:2.11.1] AndroidManifest.xml:55:13-88
207            android:directBootAware="false"
207-->[androidx.work:work-runtime:2.11.1] AndroidManifest.xml:56:13-44
208            android:enabled="true"
208-->[androidx.work:work-runtime:2.11.1] AndroidManifest.xml:57:13-35
209            android:exported="false" />
209-->[androidx.work:work-runtime:2.11.1] AndroidManifest.xml:58:13-37
210        <receiver
210-->[androidx.work:work-runtime:2.11.1] AndroidManifest.xml:60:9-69:20
211            android:name="androidx.work.impl.background.systemalarm.RescheduleReceiver"
211-->[androidx.work:work-runtime:2.11.1] AndroidManifest.xml:61:13-88
212            android:directBootAware="false"
212-->[androidx.work:work-runtime:2.11.1] AndroidManifest.xml:62:13-44
213            android:enabled="false"
213-->[androidx.work:work-runtime:2.11.1] AndroidManifest.xml:63:13-36
214            android:exported="false" >
214-->[androidx.work:work-runtime:2.11.1] AndroidManifest.xml:64:13-37
215            <intent-filter>
215-->[androidx.work:work-runtime:2.11.1] AndroidManifest.xml:66:13-68:29
216                <action android:name="android.intent.action.BOOT_COMPLETED" />
216-->[androidx.work:work-runtime:2.11.1] AndroidManifest.xml:67:17-79
216-->[androidx.work:work-runtime:2.11.1] AndroidManifest.xml:67:25-76
217            </intent-filter>
218        </receiver>
219        <receiver
219-->[androidx.work:work-runtime:2.11.1] AndroidManifest.xml:70:9-80:20
220            android:name="androidx.work.impl.diagnostics.DiagnosticsReceiver"
220-->[androidx.work:work-runtime:2.11.1] AndroidManifest.xml:71:13-78
221            android:directBootAware="false"
221-->[androidx.work:work-runtime:2.11.1] AndroidManifest.xml:72:13-44
222            android:enabled="true"
222-->[androidx.work:work-runtime:2.11.1] AndroidManifest.xml:73:13-35
223            android:exported="true"
223-->[androidx.work:work-runtime:2.11.1] AndroidManifest.xml:74:13-36
224            android:permission="android.permission.DUMP" >
224-->[androidx.work:work-runtime:2.11.1] AndroidManifest.xml:75:13-57
225            <intent-filter>
225-->[androidx.work:work-runtime:2.11.1] AndroidManifest.xml:77:13-79:29
226                <action android:name="androidx.work.diagnostics.REQUEST_DIAGNOSTICS" />
226-->[androidx.work:work-runtime:2.11.1] AndroidManifest.xml:78:17-88
226-->[androidx.work:work-runtime:2.11.1] AndroidManifest.xml:78:25-85
227            </intent-filter>
228        </receiver>
229
230        <service
230-->[androidx.room:room-runtime-android:2.8.4] AndroidManifest.xml:24:9-28:63
231            android:name="androidx.room.MultiInstanceInvalidationService"
231-->[androidx.room:room-runtime-android:2.8.4] AndroidManifest.xml:25:13-74
232            android:directBootAware="true"
232-->[androidx.room:room-runtime-android:2.8.4] AndroidManifest.xml:26:13-43
233            android:exported="false" />
233-->[androidx.room:room-runtime-android:2.8.4] AndroidManifest.xml:27:13-37
234
235        <uses-library
235-->[androidx.window:window:1.5.0] AndroidManifest.xml:23:9-25:40
236            android:name="androidx.window.extensions"
236-->[androidx.window:window:1.5.0] AndroidManifest.xml:24:13-54
237            android:required="false" />
237-->[androidx.window:window:1.5.0] AndroidManifest.xml:25:13-37
238        <uses-library
238-->[androidx.window:window:1.5.0] AndroidManifest.xml:26:9-28:40
239            android:name="androidx.window.sidecar"
239-->[androidx.window:window:1.5.0] AndroidManifest.xml:27:13-51
240            android:required="false" />
240-->[androidx.window:window:1.5.0] AndroidManifest.xml:28:13-37
241        <uses-library
241-->[androidx.privacysandbox.ads:ads-adservices:1.1.0-beta11] AndroidManifest.xml:23:9-25:40
242            android:name="android.ext.adservices"
242-->[androidx.privacysandbox.ads:ads-adservices:1.1.0-beta11] AndroidManifest.xml:24:13-50
243            android:required="false" />
243-->[androidx.privacysandbox.ads:ads-adservices:1.1.0-beta11] AndroidManifest.xml:25:13-37
244
245        <meta-data
245-->[com.google.android.gms:play-services-basement:18.9.0] AndroidManifest.xml:21:9-23:69
246            android:name="com.google.android.gms.version"
246-->[com.google.android.gms:play-services-basement:18.9.0] AndroidManifest.xml:22:13-58
247            android:value="@integer/google_play_services_version" />
247-->[com.google.android.gms:play-services-basement:18.9.0] AndroidManifest.xml:23:13-66
248
249        <receiver
249-->[androidx.profileinstaller:profileinstaller:1.4.1] AndroidManifest.xml:34:9-52:20
250            android:name="androidx.profileinstaller.ProfileInstallReceiver"
250-->[androidx.profileinstaller:profileinstaller:1.4.1] AndroidManifest.xml:35:13-76
251            android:directBootAware="false"
251-->[androidx.profileinstaller:profileinstaller:1.4.1] AndroidManifest.xml:36:13-44
252            android:enabled="true"
252-->[androidx.profileinstaller:profileinstaller:1.4.1] AndroidManifest.xml:37:13-35
253            android:exported="true"
253-->[androidx.profileinstaller:profileinstaller:1.4.1] AndroidManifest.xml:38:13-36
254            android:permission="android.permission.DUMP" >
254-->[androidx.profileinstaller:profileinstaller:1.4.1] AndroidManifest.xml:39:13-57
255            <intent-filter>
255-->[androidx.profileinstaller:profileinstaller:1.4.1] AndroidManifest.xml:40:13-42:29
256                <action android:name="androidx.profileinstaller.action.INSTALL_PROFILE" />
256-->[androidx.profileinstaller:profileinstaller:1.4.1] AndroidManifest.xml:41:17-91
256-->[androidx.profileinstaller:profileinstaller:1.4.1] AndroidManifest.xml:41:25-88
257            </intent-filter>
258            <intent-filter>
258-->[androidx.profileinstaller:profileinstaller:1.4.1] AndroidManifest.xml:43:13-45:29
259                <action android:name="androidx.profileinstaller.action.SKIP_FILE" />
259-->[androidx.profileinstaller:profileinstaller:1.4.1] AndroidManifest.xml:44:17-85
259-->[androidx.profileinstaller:profileinstaller:1.4.1] AndroidManifest.xml:44:25-82
260            </intent-filter>
261            <intent-filter>
261-->[androidx.profileinstaller:profileinstaller:1.4.1] AndroidManifest.xml:46:13-48:29
262                <action android:name="androidx.profileinstaller.action.SAVE_PROFILE" />
262-->[androidx.profileinstaller:profileinstaller:1.4.1] AndroidManifest.xml:47:17-88
262-->[androidx.profileinstaller:profileinstaller:1.4.1] AndroidManifest.xml:47:25-85
263            </intent-filter>
264            <intent-filter>
264-->[androidx.profileinstaller:profileinstaller:1.4.1] AndroidManifest.xml:49:13-51:29